# JRE version: OpenJDK Runtime Environment Temurin-17.0.10+7 (17.0.10+7) (build 17.0.10+7)
# Java VM: OpenJDK 64-Bit Server VM Temurin-17.0.10+7 (17.0.10+7, mixed mode, emulated-client, tiered, compressed oops, compressed class ptrs, g1 gc, windows-amd64)
GC Precious Log:
 CPUs: 8 total, 8 available
 Memory: 7973M
 Large Page Support: Disabled
 NUMA Support: Disabled
 Compressed Oops: Enabled (32-bit)
 Heap Region Size: 1M
 Heap Min Capacity: 8M
 Heap Initial Capacity: 126M
 Heap Max Capacity: 1G
 Pre-touch: Disabled
 Parallel Workers: 8
 Concurrent Workers: 2
 Concurrent Refinement Workers: 8
 Periodic GC: Disabled
Heap:
 garbage-first heap   total 112640K, used 36115K [0x00000000c0000000, 0x0000000100000000)
  region size 1024K, 1 young (1024K), 0 survivors (0K)
 Metaspace       used 60687K, committed 61184K, reserved 1114112K
  class space    used 7614K, committed 7872K, reserved 1048576K
GC Heap History (20 events):
Event: 29154.351 GC heap before
{Heap before GC invocations=2184 (full 2057):
 garbage-first heap   total 112640K, used 36115K [0x00000000c0000000, 0x0000000100000000)
  region size 1024K, 1 young (1024K), 0 survivors (0K)
 Metaspace       used 60687K, committed 61184K, reserved 1114112K
  class space    used 7614K, committed 7872K, reserved 1048576K
}
Event: 29154.414 GC heap after
{Heap after GC invocations=2185 (full 2058):
 garbage-first heap   total 112640K, used 36115K [0x00000000c0000000, 0x0000000100000000)
  region size 1024K, 0 young (0K), 0 survivors (0K)
 Metaspace       used 60687K, committed 61184K, reserved 1114112K
  class space    used 7614K, committed 7872K, reserved 1048576K
}
Event: 29164.671 GC heap before
{Heap before GC invocations=2185 (full 2058):
 garbage-first heap   total 112640K, used 36115K [0x00000000c0000000, 0x0000000100000000)
  region size 1024K, 1 young (1024K), 0 survivors (0K)
 Metaspace       used 60687K, committed 61184K, reserved 1114112K
  class space    used 7614K, committed 7872K, reserved 1048576K
}
Event: 29164.711 GC heap after
{Heap after GC invocations=2186 (full 2059):
 garbage-first heap   total 112640K, used 36115K [0x00000000c0000000, 0x0000000100000000)
  region size 1024K, 0 young (0K), 0 survivors (0K)
 Metaspace       used 60687K, committed 61184K, reserved 1114112K
  class space    used 7614K, committed 7872K, reserved 1048576K
}
Event: 29175.366 GC heap before
{Heap before GC invocations=2186 (full 2059):
 garbage-first heap   total 112640K, used 36115K [0x00000000c0000000, 0x0000000100000000)
  region size 1024K, 1 young (1024K), 0 survivors (0K)
 Metaspace       used 60687K, committed 61184K, reserved 1114112K
  class space    used 7614K, committed 7872K, reserved 1048576K
}
Event: 29175.449 GC heap after
{Heap after GC invocations=2187 (full 2060):
 garbage-first heap   total 112640K, used 36115K [0x00000000c0000000, 0x0000000100000000)
  region size 1024K, 0 young (0K), 0 survivors (0K)
 Metaspace       used 60687K, committed 61184K, reserved 1114112K
  class space    used 7614K, committed 7872K, reserved 1048576K
}
Event: 29185.826 GC heap before
{Heap before GC invocations=2187 (full 2060):
 garbage-first heap   total 112640K, used 36115K [0x00000000c0000000, 0x0000000100000000)
  region size 1024K, 1 young (1024K), 0 survivors (0K)
 Metaspace       used 60687K, committed 61184K, reserved 1114112K
  class space    used 7614K, committed 7872K, reserved 1048576K
}
Event: 29185.895 GC heap after
{Heap after GC invocations=2188 (full 2061):
 garbage-first heap   total 112640K, used 36115K [0x00000000c0000000, 0x0000000100000000)
  region size 1024K, 0 young (0K), 0 survivors (0K)
 Metaspace       used 60687K, committed 61184K, reserved 1114112K
  class space    used 7614K, committed 7872K, reserved 1048576K
}
Event: 29196.128 GC heap before
{Heap before GC invocations=2188 (full 2061):
 garbage-first heap   total 112640K, used 36115K [0x00000000c0000000, 0x0000000100000000)
  region size 1024K, 1 young (1024K), 0 survivors (0K)
 Metaspace       used 60687K, committed 61184K, reserved 1114112K
  class space    used 7614K, committed 7872K, reserved 1048576K
}
Event: 29196.178 GC heap after
{Heap after GC invocations=2189 (full 2062):
 garbage-first heap   total 112640K, used 36115K [0x00000000c0000000, 0x0000000100000000)
  region size 1024K, 0 young (0K), 0 survivors (0K)
 Metaspace       used 60687K, committed 61184K, reserved 1114112K
  class space    used 7614K, committed 7872K, reserved 1048576K
}
Event: 29207.642 GC heap before
{Heap before GC invocations=2189 (full 2062):
 garbage-first heap   total 112640K, used 36115K [0x00000000c0000000, 0x0000000100000000)
  region size 1024K, 1 young (1024K), 0 survivors (0K)
 Metaspace       used 60687K, committed 61184K, reserved 1114112K
  class space    used 7614K, committed 7872K, reserved 1048576K
}
Event: 29207.741 GC heap after
{Heap after GC invocations=2190 (full 2063):
 garbage-first heap   total 112640K, used 36115K [0x00000000c0000000, 0x0000000100000000)
  region size 1024K, 0 young (0K), 0 survivors (0K)
 Metaspace       used 60687K, committed 61184K, reserved 1114112K
  class space    used 7614K, committed 7872K, reserved 1048576K
}
Event: 29218.350 GC heap before
{Heap before GC invocations=2190 (full 2063):
 garbage-first heap   total 112640K, used 36115K [0x00000000c0000000, 0x0000000100000000)
  region size 1024K, 1 young (1024K), 0 survivors (0K)
 Metaspace       used 60687K, committed 61184K, reserved 1114112K
  class space    used 7614K, committed 7872K, reserved 1048576K
}
Event: 29218.455 GC heap after
{Heap after GC invocations=2191 (full 2064):
 garbage-first heap   total 112640K, used 36115K [0x00000000c0000000, 0x0000000100000000)
  region size 1024K, 0 young (0K), 0 survivors (0K)
 Metaspace       used 60687K, committed 61184K, reserved 1114112K
  class space    used 7614K, committed 7872K, reserved 1048576K
}
Event: 29232.442 GC heap before
{Heap before GC invocations=2191 (full 2064):
 garbage-first heap   total 112640K, used 36115K [0x00000000c0000000, 0x0000000100000000)
  region size 1024K, 1 young (1024K), 0 survivors (0K)
 Metaspace       used 60687K, committed 61184K, reserved 1114112K
  class space    used 7614K, committed 7872K, reserved 1048576K
}
Event: 29232.774 GC heap after
{Heap after GC invocations=2192 (full 2065):
 garbage-first heap   total 112640K, used 36115K [0x00000000c0000000, 0x0000000100000000)
  region size 1024K, 0 young (0K), 0 survivors (0K)
 Metaspace       used 60687K, committed 61184K, reserved 1114112K
  class space    used 7614K, committed 7872K, reserved 1048576K
}
Event: 29243.967 GC heap before
{Heap before GC invocations=2192 (full 2065):
 garbage-first heap   total 112640K, used 36115K [0x00000000c0000000, 0x0000000100000000)
  region size 1024K, 1 young (1024K), 0 survivors (0K)
 Metaspace       used 60687K, committed 61184K, reserved 1114112K
  class space    used 7614K, committed 7872K, reserved 1048576K
}
Event: 29244.086 GC heap after
{Heap after GC invocations=2193 (full 2066):
 garbage-first heap   total 112640K, used 36115K [0x00000000c0000000, 0x0000000100000000)
  region size 1024K, 0 young (0K), 0 survivors (0K)
 Metaspace       used 60687K, committed 61184K, reserved 1114112K
  class space    used 7614K, committed 7872K, reserved 1048576K
}
Event: 29254.675 GC heap before
{Heap before GC invocations=2193 (full 2066):
 garbage-first heap   total 112640K, used 36115K [0x00000000c0000000, 0x0000000100000000)
  region size 1024K, 1 young (1024K), 0 survivors (0K)
 Metaspace       used 60687K, committed 61184K, reserved 1114112K
  class space    used 7614K, committed 7872K, reserved 1048576K
}
Event: 29254.775 GC heap after
{Heap after GC invocations=2194 (full 2067):
 garbage-first heap   total 112640K, used 36115K [0x00000000c0000000, 0x0000000100000000)
  region size 1024K, 0 young (0K), 0 survivors (0K)
 Metaspace       used 60687K, committed 61184K, reserved 1114112K
  class space    used 7614K, committed 7872K, reserved 1048576K
}

